<?xml version="1.0" encoding="UTF-8"?>
<!-- Generated by org.testng.reporters.JUnitReportReporter -->
<testsuite hostname="DESKTOP-7AG018T" failures="0" tests="1" name="OrangeHRM.leave.SearchForLeaveTest" time="7.393" errors="0" timestamp="2024-12-09T17:20:10 IST" skipped="0">
  <testcase classname="OrangeHRM.leave.SearchForLeaveTest" name="toSearchForLeave" time="7.393"/>
  <system-out/>
</testsuite> <!-- OrangeHRM.leave.SearchForLeaveTest -->
