<?xml version="1.0" encoding="UTF-8"?>
<!-- Generated by org.testng.reporters.JUnitReportReporter -->
<testsuite hostname="DESKTOP-7AG018T" failures="0" tests="1" name="OrangeHRM.Login.OrangeHrnLoginTest" time="4.231" errors="0" timestamp="2024-12-04T10:03:40 IST" skipped="0">
  <testcase classname="OrangeHRM.Login.OrangeHrnLoginTest" name="toDoLogin" time="4.231"/>
  <system-out>
    <![CDATA[user is able to do login successfully......]]>
  </system-out>
</testsuite> <!-- OrangeHRM.Login.OrangeHrnLoginTest -->
