<?xml version="1.0" encoding="UTF-8"?>
<!-- Generated by org.testng.reporters.JUnitReportReporter -->
<testsuite hostname="DESKTOP-7AG018T" failures="0" tests="1" name="OrangeHRM.Claim.AddEventsTest" time="21.276" errors="0" timestamp="2024-12-05T17:26:11 IST" skipped="0">
  <testcase classname="OrangeHRM.Claim.AddEventsTest" name="toAddEventsInConfiguration" time="21.276"/>
  <system-out/>
</testsuite> <!-- OrangeHRM.Claim.AddEventsTest -->
