<?xml version="1.0" encoding="UTF-8"?>
<!-- Generated by org.testng.reporters.JUnitReportReporter -->
<testsuite hostname="DESKTOP-7AG018T" failures="0" tests="1" name="OrangeHRM.leave.MyEntitlementsTest" time="5.659" errors="0" timestamp="2024-12-09T17:20:10 IST" skipped="0">
  <testcase classname="OrangeHRM.leave.MyEntitlementsTest" name="toSeeMyEntitlements" time="5.659"/>
  <system-out/>
</testsuite> <!-- OrangeHRM.leave.MyEntitlementsTest -->
