<?xml version="1.0" encoding="UTF-8"?>
<!-- Generated by org.testng.reporters.JUnitReportReporter -->
<testsuite hostname="DESKTOP-7AG018T" failures="0" tests="1" name="OrangeHRM.Claim.AddExpenseTypeTest" time="14.776" errors="0" timestamp="2024-12-05T17:30:35 IST" skipped="0">
  <testcase classname="OrangeHRM.Claim.AddExpenseTypeTest" name="toAddExpenseType" time="14.776"/>
  <system-out/>
</testsuite> <!-- OrangeHRM.Claim.AddExpenseTypeTest -->
