<?xml version="1.0" encoding="UTF-8"?>
<!-- Generated by org.testng.reporters.JUnitReportReporter -->
<testsuite hostname="DESKTOP-7AG018T" failures="0" tests="1" name="OrangeHRM.Claim.AssignClaimTest" time="17.511" errors="0" timestamp="2024-12-05T16:53:50 IST" skipped="0">
  <testcase classname="OrangeHRM.Claim.AssignClaimTest" name="toAssignClaim" time="17.511"/>
  <system-out/>
</testsuite> <!-- OrangeHRM.Claim.AssignClaimTest -->
