<?xml version="1.0" encoding="UTF-8"?>
<!-- Generated by org.testng.reporters.JUnitReportReporter -->
<testsuite hostname="DESKTOP-7AG018T" failures="0" tests="1" name="OrangeHRM.Claim.SubmitClaimTest" time="21.895" errors="0" timestamp="2024-12-05T17:12:54 IST" skipped="0">
  <testcase classname="OrangeHRM.Claim.SubmitClaimTest" name="toSubmitClaim" time="21.895"/>
  <system-out/>
</testsuite> <!-- OrangeHRM.Claim.SubmitClaimTest -->
