<?xml version="1.0" encoding="UTF-8"?>
<!-- Generated by org.testng.reporters.JUnitReportReporter -->
<testsuite hostname="DESKTOP-7AG018T" failures="0" tests="1" name="OrangeHRM.leave.ApplyForLeaveTest" time="18.547" errors="0" timestamp="2024-12-09T17:20:10 IST" skipped="0">
  <testcase classname="OrangeHRM.leave.ApplyForLeaveTest" name="toApplyForLeave" time="18.547"/>
  <system-out/>
</testsuite> <!-- OrangeHRM.leave.ApplyForLeaveTest -->
