<?xml version="1.0" encoding="UTF-8"?>
<!-- Generated by org.testng.reporters.JUnitReportReporter -->
<testsuite hostname="DESKTOP-7AG018T" failures="0" tests="1" name="OrangeHRM.leave.SearchEmployeeEntitlementsTest" time="6.245" errors="0" timestamp="2024-12-09T17:20:10 IST" skipped="0">
  <testcase classname="OrangeHRM.leave.SearchEmployeeEntitlementsTest" name="toSearchEmployeeEntitlements" time="6.245"/>
  <system-out/>
</testsuite> <!-- OrangeHRM.leave.SearchEmployeeEntitlementsTest -->
