<?xml version="1.0" encoding="UTF-8"?>
<!-- Generated by org.testng.reporters.JUnitReportReporter -->
<testsuite hostname="DESKTOP-7AG018T" failures="0" tests="1" name="OrangeHRM.Claim.EmployeeClaimTest" time="16.484" errors="0" timestamp="2024-12-05T17:06:50 IST" skipped="0">
  <testcase classname="OrangeHRM.Claim.EmployeeClaimTest" name="toSeeEmployeeClaims" time="16.484"/>
  <system-out/>
</testsuite> <!-- OrangeHRM.Claim.EmployeeClaimTest -->
