<?xml version="1.0" encoding="UTF-8"?>
<!-- Generated by org.testng.reporters.JUnitReportReporter -->
<testsuite hostname="DESKTOP-7AG018T" failures="0" tests="1" name="com.restassureddemo.tests.RestAssuredTest" time="1.874" errors="0" timestamp="2024-12-16T16:07:11 IST" skipped="0">
  <testcase classname="com.restassureddemo.tests.RestAssuredTest" name="toGetSingleResource" time="1.874"/>
  <system-out/>
</testsuite> <!-- com.restassureddemo.tests.RestAssuredTest -->
