<?xml version="1.0" encoding="UTF-8"?>
<!-- Generated by org.testng.reporters.JUnitReportReporter -->
<testsuite hostname="DESKTOP-7AG018T" failures="0" tests="1" name="com.restassureddemo.tests.SchemaValidatorReqResTest" time="2.123" errors="0" timestamp="2024-12-17T12:50:20 IST" skipped="0">
  <testcase classname="com.restassureddemo.tests.SchemaValidatorReqResTest" name="toGetData" time="2.123"/>
  <system-out/>
</testsuite> <!-- com.restassureddemo.tests.SchemaValidatorReqResTest -->
