<?xml version="1.0" encoding="UTF-8"?>
<!-- Generated by org.testng.reporters.JUnitReportReporter -->
<testsuite hostname="DESKTOP-7AG018T" failures="0" tests="1" name="com.restassureddemo.tests.ReqResTest" time="2.065" errors="0" timestamp="2024-12-17T12:16:31 IST" skipped="0">
  <testcase classname="com.restassureddemo.tests.ReqResTest" name="toLoginSuccessfull" time="2.065"/>
  <system-out/>
</testsuite> <!-- com.restassureddemo.tests.ReqResTest -->
